Using pre-set license
Built from '2020.2/release' branch; Version is '2020.2.2f1 (068178b99f32) revision 426360'; Using compiler version '192528614'; Build Type 'Release'
OS: 'Windows 10 Home Single Language; OS build 18363.1316; Version 1909; 64bit' Language: 'en' Physical Memory: 16227 MB
BatchMode: 1, IsHumanControllingUs: 0, StartBugReporterOnCrash: 0, Is64bit: 1, IsPro: 0

 COMMAND LINE ARGUMENTS:
C:\Program Files\Unity\Hub\Editor\2020.2.2f1\Editor\Unity.exe
-adb2
-batchMode
-noUpm
-name
AssetImportWorker0
-projectPath
D:/Unity Projects/Project Operator/Operator_SuperPrototype
-logFile
Logs/AssetImportWorker0.log
-srvPort
64647
Successfully changed project path to: D:/Unity Projects/Project Operator/Operator_SuperPrototype
D:/Unity Projects/Project Operator/Operator_SuperPrototype
Using Asset Import Pipeline V2.
Refreshing native plugins compatible for Editor in 39.46 ms, found 1 plugins.
Preloading 0 native plugins for Editor in 0.00 ms.
Initialize engine version: 2020.2.2f1 (068178b99f32)
[Subsystems] Discovering subsystems at path C:/Program Files/Unity/Hub/Editor/2020.2.2f1/Editor/Data/Resources/UnitySubsystems
[Subsystems] Discovering subsystems at path D:/Unity Projects/Project Operator/Operator_SuperPrototype/Assets
GfxDevice: creating device client; threaded=0
Direct3D:
    Version:  Direct3D 11.0 [level 11.1]
    Renderer: NVIDIA GeForce GTX 1060 (ID=0x1c20)
    Vendor:   
    VRAM:     6052 MB
    Driver:   27.21.14.6140
Initialize mono
Mono path[0] = 'C:/Program Files/Unity/Hub/Editor/2020.2.2f1/Editor/Data/Managed'
Mono path[1] = 'C:/Program Files/Unity/Hub/Editor/2020.2.2f1/Editor/Data/MonoBleedingEdge/lib/mono/unityjit'
Mono config path = 'C:/Program Files/Unity/Hub/Editor/2020.2.2f1/Editor/Data/MonoBleedingEdge/etc'
Using monoOptions --debugger-agent=transport=dt_socket,embedding=1,server=y,suspend=n,address=127.0.0.1:56744
Begin MonoManager ReloadAssembly
Registering precompiled unity dll's ...
Register platform support module: C:/Program Files/Unity/Hub/Editor/2020.2.2f1/Editor/Data/PlaybackEngines/WindowsStandaloneSupport/UnityEditor.WindowsStandalone.Extensions.dll
Registered in 0.001648 seconds.
Native extension for WindowsStandalone target not found
Refreshing native plugins compatible for Editor in 32.64 ms, found 1 plugins.
Preloading 0 native plugins for Editor in 0.00 ms.
Invoked RoslynAnalysisRunner static constructor.
RoslynAnalysisRunner will not be running.
RoslynAnalysisRunner has terminated.
Mono: successfully reloaded assembly
- Completed reload, in  1.037 seconds
Platform modules already initialized, skipping
Registering precompiled user dll's ...
Registered in 0.000655 seconds.
Begin MonoManager ReloadAssembly
Native extension for WindowsStandalone target not found
Refreshing native plugins compatible for Editor in 41.32 ms, found 1 plugins.
Preloading 0 native plugins for Editor in 0.00 ms.
Invoked RoslynAnalysisRunner static constructor.
RoslynAnalysisRunner will not be running.
RoslynAnalysisRunner has terminated.
Mono: successfully reloaded assembly
- Completed reload, in  0.922 seconds
Platform modules already initialized, skipping
========================================================================
Worker process is ready to serve import requests
Launched and connected shader compiler UnityShaderCompiler.exe after 0.04 seconds
Refreshing native plugins compatible for Editor in 0.33 ms, found 1 plugins.
Preloading 0 native plugins for Editor in 0.00 ms.
Unloading 1776 Unused Serialized files (Serialized files now loaded: 0)
System memory in use before: 83.9 MB.
System memory in use after: 84.0 MB.

Unloading 19 unused Assets to reduce memory usage. Loaded Objects now: 2223.
Total: 1.759300 ms (FindLiveObjects: 0.138100 ms CreateObjectMapping: 0.047700 ms MarkObjects: 1.511700 ms  DeleteObjects: 0.060100 ms)

========================================================================
Received Import Request.
  path: Assets/Script/Player/Weapons/SC_Weapon_Master.cs
  artifactKey: Guid(5087be3dfadd31342b658b2a69d3a3eb) Importer(815301076,1909f56bfc062723c751e8b465ee728b)
Start importing Assets/Script/Player/Weapons/SC_Weapon_Master.cs using Guid(5087be3dfadd31342b658b2a69d3a3eb) Importer(815301076,1909f56bfc062723c751e8b465ee728b)  -> (artifact id: 'c0433ce95bd5ffa7a0474f5196cacd01') in 0.032414 seconds
  Import took 0.035297 seconds .

========================================================================
Received Import Request.
  Time since last request: 66.125548 seconds.
  path: Assets/Script/Player/Weapons/SC_Weapon_Master.cs
  artifactKey: Guid(5087be3dfadd31342b658b2a69d3a3eb) Importer(815301076,1909f56bfc062723c751e8b465ee728b)
Start importing Assets/Script/Player/Weapons/SC_Weapon_Master.cs using Guid(5087be3dfadd31342b658b2a69d3a3eb) Importer(815301076,1909f56bfc062723c751e8b465ee728b)  -> (artifact id: 'c0e2b3bc1875a0d2fc82ac583cf95eab') in 0.002616 seconds
  Import took 0.005490 seconds .

========================================================================
Received Import Request.
  Time since last request: 0.002363 seconds.
  path: Assets/Script/Player/Weapons/SC_Weapon_Master.cs
  artifactKey: Guid(5087be3dfadd31342b658b2a69d3a3eb) Importer(815301076,1909f56bfc062723c751e8b465ee728b)
Start importing Assets/Script/Player/Weapons/SC_Weapon_Master.cs using Guid(5087be3dfadd31342b658b2a69d3a3eb) Importer(815301076,1909f56bfc062723c751e8b465ee728b)  -> (artifact id: 'c0e2b3bc1875a0d2fc82ac583cf95eab') in 0.002570 seconds
  Import took 0.005267 seconds .

========================================================================
Received Import Request.
  Time since last request: 81.686268 seconds.
  path: Assets/Script/Player/Weapons/SC_Weapon_Master.cs
  artifactKey: Guid(5087be3dfadd31342b658b2a69d3a3eb) Importer(815301076,1909f56bfc062723c751e8b465ee728b)
Start importing Assets/Script/Player/Weapons/SC_Weapon_Master.cs using Guid(5087be3dfadd31342b658b2a69d3a3eb) Importer(815301076,1909f56bfc062723c751e8b465ee728b)  -> (artifact id: '4e3d197a80cdc486e954552fe60f69a6') in 0.002931 seconds
  Import took 0.006459 seconds .

========================================================================
Received Import Request.
  Time since last request: 0.000778 seconds.
  path: Assets/Script/Player/Weapons/SC_Weapon_Master.cs
  artifactKey: Guid(5087be3dfadd31342b658b2a69d3a3eb) Importer(815301076,1909f56bfc062723c751e8b465ee728b)
Start importing Assets/Script/Player/Weapons/SC_Weapon_Master.cs using Guid(5087be3dfadd31342b658b2a69d3a3eb) Importer(815301076,1909f56bfc062723c751e8b465ee728b)  -> (artifact id: '4e3d197a80cdc486e954552fe60f69a6') in 0.002146 seconds
  Import took 0.005519 seconds .

========================================================================
Received Import Request.
  Time since last request: 20.432565 seconds.
  path: Assets/Script/Player/Weapons/SC_Weapon_Master.cs
  artifactKey: Guid(5087be3dfadd31342b658b2a69d3a3eb) Importer(815301076,1909f56bfc062723c751e8b465ee728b)
Start importing Assets/Script/Player/Weapons/SC_Weapon_Master.cs using Guid(5087be3dfadd31342b658b2a69d3a3eb) Importer(815301076,1909f56bfc062723c751e8b465ee728b)  -> (artifact id: 'b6c984b5066f183240ba012dcf96cad0') in 0.002606 seconds
  Import took 0.005534 seconds .

========================================================================
Received Import Request.
  Time since last request: 0.001871 seconds.
  path: Assets/Script/Player/Weapons/SC_Weapon_Master.cs
  artifactKey: Guid(5087be3dfadd31342b658b2a69d3a3eb) Importer(815301076,1909f56bfc062723c751e8b465ee728b)
Start importing Assets/Script/Player/Weapons/SC_Weapon_Master.cs using Guid(5087be3dfadd31342b658b2a69d3a3eb) Importer(815301076,1909f56bfc062723c751e8b465ee728b)  -> (artifact id: 'b6c984b5066f183240ba012dcf96cad0') in 0.002067 seconds
  Import took 0.004641 seconds .

========================================================================
Received Import Request.
  Time since last request: 60.272049 seconds.
  path: Assets/Script/Player/Weapons/SC_Weapon_Master.cs
  artifactKey: Guid(5087be3dfadd31342b658b2a69d3a3eb) Importer(815301076,1909f56bfc062723c751e8b465ee728b)
Start importing Assets/Script/Player/Weapons/SC_Weapon_Master.cs using Guid(5087be3dfadd31342b658b2a69d3a3eb) Importer(815301076,1909f56bfc062723c751e8b465ee728b)  -> (artifact id: '989b9cab24618f322eb1cd8173dd485e') in 0.003701 seconds
  Import took 0.010114 seconds .

========================================================================
Received Import Request.
  Time since last request: 1.463342 seconds.
  path: Assets/Script/Player/Weapons/SC_Weapon_Master.cs
  artifactKey: Guid(5087be3dfadd31342b658b2a69d3a3eb) Importer(815301076,1909f56bfc062723c751e8b465ee728b)
Start importing Assets/Script/Player/Weapons/SC_Weapon_Master.cs using Guid(5087be3dfadd31342b658b2a69d3a3eb) Importer(815301076,1909f56bfc062723c751e8b465ee728b)  -> (artifact id: 'f415c8a6dd7371f810ec984f9bf167b3') in 0.002225 seconds
  Import took 0.005331 seconds .

========================================================================
Received Import Request.
  Time since last request: 0.002555 seconds.
  path: Assets/Script/Player/Weapons/SC_Weapon_Master.cs
  artifactKey: Guid(5087be3dfadd31342b658b2a69d3a3eb) Importer(815301076,1909f56bfc062723c751e8b465ee728b)
Start importing Assets/Script/Player/Weapons/SC_Weapon_Master.cs using Guid(5087be3dfadd31342b658b2a69d3a3eb) Importer(815301076,1909f56bfc062723c751e8b465ee728b)  -> (artifact id: 'f415c8a6dd7371f810ec984f9bf167b3') in 0.002473 seconds
  Import took 0.005140 seconds .

========================================================================
Received Import Request.
  Time since last request: 52.602015 seconds.
  path: Assets/Script/Player/Weapons/SC_Weapon_Master.cs
  artifactKey: Guid(5087be3dfadd31342b658b2a69d3a3eb) Importer(815301076,1909f56bfc062723c751e8b465ee728b)
Start importing Assets/Script/Player/Weapons/SC_Weapon_Master.cs using Guid(5087be3dfadd31342b658b2a69d3a3eb) Importer(815301076,1909f56bfc062723c751e8b465ee728b)  -> (artifact id: '715c6b4a3bf51b156e0563c4e2217822') in 0.002746 seconds
  Import took 0.006248 seconds .

========================================================================
Received Import Request.
  Time since last request: 0.000984 seconds.
  path: Assets/Script/Player/Weapons/SC_Weapon_Master.cs
  artifactKey: Guid(5087be3dfadd31342b658b2a69d3a3eb) Importer(815301076,1909f56bfc062723c751e8b465ee728b)
Start importing Assets/Script/Player/Weapons/SC_Weapon_Master.cs using Guid(5087be3dfadd31342b658b2a69d3a3eb) Importer(815301076,1909f56bfc062723c751e8b465ee728b)  -> (artifact id: '715c6b4a3bf51b156e0563c4e2217822') in 0.002349 seconds
  Import took 0.005706 seconds .

========================================================================
Received Import Request.
  Time since last request: 26.423305 seconds.
  path: Assets/Script/Player/Weapons/SC_Weapon_Master.cs
  artifactKey: Guid(5087be3dfadd31342b658b2a69d3a3eb) Importer(815301076,1909f56bfc062723c751e8b465ee728b)
Start importing Assets/Script/Player/Weapons/SC_Weapon_Master.cs using Guid(5087be3dfadd31342b658b2a69d3a3eb) Importer(815301076,1909f56bfc062723c751e8b465ee728b)  -> (artifact id: '3546a9ddb588e438594647e2ca0f656e') in 0.003369 seconds
  Import took 0.006637 seconds .

========================================================================
Received Import Request.
  Time since last request: 0.001947 seconds.
  path: Assets/Script/Player/Weapons/SC_Weapon_Master.cs
  artifactKey: Guid(5087be3dfadd31342b658b2a69d3a3eb) Importer(815301076,1909f56bfc062723c751e8b465ee728b)
Start importing Assets/Script/Player/Weapons/SC_Weapon_Master.cs using Guid(5087be3dfadd31342b658b2a69d3a3eb) Importer(815301076,1909f56bfc062723c751e8b465ee728b)  -> (artifact id: '3546a9ddb588e438594647e2ca0f656e') in 0.003245 seconds
  Import took 0.006540 seconds .

========================================================================
Received Prepare
Registering precompiled user dll's ...
Registered in 0.001707 seconds.
Begin MonoManager ReloadAssembly
Native extension for WindowsStandalone target not found
Refreshing native plugins compatible for Editor in 0.31 ms, found 1 plugins.
Preloading 0 native plugins for Editor in 0.00 ms.
Invoked RoslynAnalysisRunner static constructor.
RoslynAnalysisRunner will not be running.
RoslynAnalysisRunner has terminated.
Mono: successfully reloaded assembly
- Completed reload, in  0.817 seconds
Platform modules already initialized, skipping
Refreshing native plugins compatible for Editor in 0.32 ms, found 1 plugins.
Preloading 0 native plugins for Editor in 0.00 ms.
Unloading 1766 Unused Serialized files (Serialized files now loaded: 0)
System memory in use before: 83.6 MB.
System memory in use after: 83.7 MB.

Unloading 8 unused Assets to reduce memory usage. Loaded Objects now: 2225.
Total: 1.854300 ms (FindLiveObjects: 0.154000 ms CreateObjectMapping: 0.054300 ms MarkObjects: 1.626300 ms  DeleteObjects: 0.018500 ms)

========================================================================
Received Prepare
Registering precompiled user dll's ...
Registered in 0.000680 seconds.
Begin MonoManager ReloadAssembly
Native extension for WindowsStandalone target not found
Refreshing native plugins compatible for Editor in 0.31 ms, found 1 plugins.
Preloading 0 native plugins for Editor in 0.00 ms.
Invoked RoslynAnalysisRunner static constructor.
RoslynAnalysisRunner will not be running.
RoslynAnalysisRunner has terminated.
Mono: successfully reloaded assembly
- Completed reload, in  0.844 seconds
Platform modules already initialized, skipping
Refreshing native plugins compatible for Editor in 0.37 ms, found 1 plugins.
Preloading 0 native plugins for Editor in 0.00 ms.
Unloading 1766 Unused Serialized files (Serialized files now loaded: 0)
System memory in use before: 83.7 MB.
System memory in use after: 83.8 MB.

Unloading 8 unused Assets to reduce memory usage. Loaded Objects now: 2227.
Total: 2.751400 ms (FindLiveObjects: 0.318600 ms CreateObjectMapping: 0.078500 ms MarkObjects: 2.333300 ms  DeleteObjects: 0.019400 ms)

========================================================================
Received Prepare
Registering precompiled user dll's ...
Registered in 0.000670 seconds.
Begin MonoManager ReloadAssembly
Native extension for WindowsStandalone target not found
Refreshing native plugins compatible for Editor in 0.32 ms, found 1 plugins.
Preloading 0 native plugins for Editor in 0.00 ms.
Invoked RoslynAnalysisRunner static constructor.
RoslynAnalysisRunner will not be running.
RoslynAnalysisRunner has terminated.
Mono: successfully reloaded assembly
- Completed reload, in  0.847 seconds
Platform modules already initialized, skipping
Refreshing native plugins compatible for Editor in 0.73 ms, found 1 plugins.
Preloading 0 native plugins for Editor in 0.00 ms.
Unloading 1766 Unused Serialized files (Serialized files now loaded: 0)
System memory in use before: 83.8 MB.
System memory in use after: 83.9 MB.

Unloading 8 unused Assets to reduce memory usage. Loaded Objects now: 2229.
Total: 1.956600 ms (FindLiveObjects: 0.191800 ms CreateObjectMapping: 0.069300 ms MarkObjects: 1.676000 ms  DeleteObjects: 0.018100 ms)

========================================================================
Received Import Request.
  Time since last request: 84.278032 seconds.
  path: Assets/Script/Player/Weapons/SC_Weapon_Master_Handgun.asset
  artifactKey: Guid(9069e6702192f4143bd986051e802e96) Importer(815301076,1909f56bfc062723c751e8b465ee728b)
Start importing Assets/Script/Player/Weapons/SC_Weapon_Master_Handgun.asset using Guid(9069e6702192f4143bd986051e802e96) Importer(815301076,1909f56bfc062723c751e8b465ee728b)  -> (artifact id: 'f4c851bfeb5cc540a62140352b811127') in 0.024608 seconds
  Import took 0.027548 seconds .

========================================================================
Received Prepare
Registering precompiled user dll's ...
Registered in 0.000720 seconds.
Begin MonoManager ReloadAssembly
Native extension for WindowsStandalone target not found
Refreshing native plugins compatible for Editor in 0.44 ms, found 1 plugins.
Preloading 0 native plugins for Editor in 0.00 ms.
Invoked RoslynAnalysisRunner static constructor.
RoslynAnalysisRunner will not be running.
RoslynAnalysisRunner has terminated.
Mono: successfully reloaded assembly
- Completed reload, in  0.890 seconds
Platform modules already initialized, skipping
Refreshing native plugins compatible for Editor in 0.31 ms, found 1 plugins.
Preloading 0 native plugins for Editor in 0.00 ms.
Unloading 1766 Unused Serialized files (Serialized files now loaded: 0)
System memory in use before: 83.9 MB.
System memory in use after: 84.0 MB.

Unloading 8 unused Assets to reduce memory usage. Loaded Objects now: 2231.
Total: 2.105900 ms (FindLiveObjects: 0.188400 ms CreateObjectMapping: 0.074900 ms MarkObjects: 1.813700 ms  DeleteObjects: 0.026100 ms)

========================================================================
Received Prepare
Registering precompiled user dll's ...
Registered in 0.001082 seconds.
Begin MonoManager ReloadAssembly
Native extension for WindowsStandalone target not found
Refreshing native plugins compatible for Editor in 0.32 ms, found 1 plugins.
Preloading 0 native plugins for Editor in 0.00 ms.
Invoked RoslynAnalysisRunner static constructor.
RoslynAnalysisRunner will not be running.
RoslynAnalysisRunner has terminated.
Mono: successfully reloaded assembly
- Completed reload, in  0.837 seconds
Platform modules already initialized, skipping
Refreshing native plugins compatible for Editor in 0.35 ms, found 1 plugins.
Preloading 0 native plugins for Editor in 0.00 ms.
Unloading 1766 Unused Serialized files (Serialized files now loaded: 0)
System memory in use before: 84.0 MB.
System memory in use after: 84.1 MB.

Unloading 8 unused Assets to reduce memory usage. Loaded Objects now: 2233.
Total: 2.459600 ms (FindLiveObjects: 0.299500 ms CreateObjectMapping: 0.132100 ms MarkObjects: 2.011200 ms  DeleteObjects: 0.015800 ms)

========================================================================
Received Import Request.
  Time since last request: 142.893549 seconds.
  path: Assets/Script/Player/Weapons/SC_Weapon_Master_Handgun.asset
  artifactKey: Guid(9069e6702192f4143bd986051e802e96) Importer(815301076,1909f56bfc062723c751e8b465ee728b)
Start importing Assets/Script/Player/Weapons/SC_Weapon_Master_Handgun.asset using Guid(9069e6702192f4143bd986051e802e96) Importer(815301076,1909f56bfc062723c751e8b465ee728b)  -> (artifact id: '81a8b733ec3e7232189024d2d867eec4') in 0.014674 seconds
  Import took 0.018979 seconds .

========================================================================
Received Import Request.
  Time since last request: 47.902331 seconds.
  path: Assets/Sprite/Circle.png
  artifactKey: Guid(b7b703bb7d7f6b243a5484515df79940) Importer(815301076,1909f56bfc062723c751e8b465ee728b)
Start importing Assets/Sprite/Circle.png using Guid(b7b703bb7d7f6b243a5484515df79940) Importer(815301076,1909f56bfc062723c751e8b465ee728b)  -> (artifact id: '20217e0aebd447cbc79f52e4d8405810') in 0.119639 seconds
  Import took 0.122742 seconds .

========================================================================
Received Prepare
Registering precompiled user dll's ...
Registered in 0.000903 seconds.
Begin MonoManager ReloadAssembly
Native extension for WindowsStandalone target not found
Refreshing native plugins compatible for Editor in 0.31 ms, found 1 plugins.
Preloading 0 native plugins for Editor in 0.00 ms.
Invoked RoslynAnalysisRunner static constructor.
RoslynAnalysisRunner will not be running.
RoslynAnalysisRunner has terminated.
Mono: successfully reloaded assembly
- Completed reload, in  0.795 seconds
Platform modules already initialized, skipping
Refreshing native plugins compatible for Editor in 0.31 ms, found 1 plugins.
Preloading 0 native plugins for Editor in 0.00 ms.
Unloading 1766 Unused Serialized files (Serialized files now loaded: 0)
System memory in use before: 87.2 MB.
System memory in use after: 87.3 MB.

Unloading 8 unused Assets to reduce memory usage. Loaded Objects now: 2241.
Total: 1.929000 ms (FindLiveObjects: 0.228800 ms CreateObjectMapping: 0.077400 ms MarkObjects: 1.604700 ms  DeleteObjects: 0.017200 ms)

========================================================================
Received Import Request.
  Time since last request: 267.701984 seconds.
  path: Assets/Sprite/Circle.png
  artifactKey: Guid(b7b703bb7d7f6b243a5484515df79940) Importer(815301076,1909f56bfc062723c751e8b465ee728b)
Start importing Assets/Sprite/Circle.png using Guid(b7b703bb7d7f6b243a5484515df79940) Importer(815301076,1909f56bfc062723c751e8b465ee728b)  -> (artifact id: 'fec8d06b1b55b4786b4b3143c35b7837') in 0.061956 seconds
  Import took 0.065808 seconds .

========================================================================
Received Import Request.
  Time since last request: 26.403847 seconds.
  path: Assets/Sprite/Circle 1.png
  artifactKey: Guid(afcc3207320e34f4aabfd16009fc106f) Importer(815301076,1909f56bfc062723c751e8b465ee728b)
Start importing Assets/Sprite/Circle 1.png using Guid(afcc3207320e34f4aabfd16009fc106f) Importer(815301076,1909f56bfc062723c751e8b465ee728b)  -> (artifact id: 'ddcf5cdb8a9327b9a92ed3992e3ee391') in 0.023176 seconds
  Import took 0.026371 seconds .

========================================================================
Received Import Request.
  Time since last request: 0.001199 seconds.
  path: Assets/Sprite/Circle 1.png
  artifactKey: Guid(afcc3207320e34f4aabfd16009fc106f) Importer(815301076,1909f56bfc062723c751e8b465ee728b)
Start importing Assets/Sprite/Circle 1.png using Guid(afcc3207320e34f4aabfd16009fc106f) Importer(815301076,1909f56bfc062723c751e8b465ee728b)  -> (artifact id: 'ddcf5cdb8a9327b9a92ed3992e3ee391') in 0.015040 seconds
  Import took 0.017725 seconds .

========================================================================
Received Import Request.
  Time since last request: 37.213044 seconds.
  path: Assets/Sprite/Circle.png
  artifactKey: Guid(de7966f2dc9120641be365710d0d1543) Importer(815301076,1909f56bfc062723c751e8b465ee728b)
Start importing Assets/Sprite/Circle.png using Guid(de7966f2dc9120641be365710d0d1543) Importer(815301076,1909f56bfc062723c751e8b465ee728b)  -> (artifact id: 'ccbf87a22a62e3aff8774946a35ee032') in 0.015867 seconds
  Import took 0.018716 seconds .

========================================================================
Received Import Request.
  Time since last request: 0.001027 seconds.
  path: Assets/Sprite/Circle.png
  artifactKey: Guid(de7966f2dc9120641be365710d0d1543) Importer(815301076,1909f56bfc062723c751e8b465ee728b)
Start importing Assets/Sprite/Circle.png using Guid(de7966f2dc9120641be365710d0d1543) Importer(815301076,1909f56bfc062723c751e8b465ee728b)  -> (artifact id: 'ccbf87a22a62e3aff8774946a35ee032') in 0.024979 seconds
  Import took 0.027813 seconds .

========================================================================
Received Prepare
Registering precompiled user dll's ...
Registered in 0.000667 seconds.
Begin MonoManager ReloadAssembly
Native extension for WindowsStandalone target not found
Refreshing native plugins compatible for Editor in 0.31 ms, found 1 plugins.
Preloading 0 native plugins for Editor in 0.00 ms.
Invoked RoslynAnalysisRunner static constructor.
RoslynAnalysisRunner will not be running.
RoslynAnalysisRunner has terminated.
Mono: successfully reloaded assembly
- Completed reload, in  0.867 seconds
Platform modules already initialized, skipping
Refreshing native plugins compatible for Editor in 0.53 ms, found 1 plugins.
Preloading 0 native plugins for Editor in 0.00 ms.
Unloading 1766 Unused Serialized files (Serialized files now loaded: 0)
System memory in use before: 87.3 MB.
System memory in use after: 87.4 MB.

Unloading 8 unused Assets to reduce memory usage. Loaded Objects now: 2246.
Total: 2.036400 ms (FindLiveObjects: 0.181200 ms CreateObjectMapping: 0.063500 ms MarkObjects: 1.774800 ms  DeleteObjects: 0.015800 ms)

========================================================================
Received Prepare
Registering precompiled user dll's ...
Registered in 0.001014 seconds.
Begin MonoManager ReloadAssembly
Native extension for WindowsStandalone target not found
Refreshing native plugins compatible for Editor in 0.35 ms, found 1 plugins.
Preloading 0 native plugins for Editor in 0.00 ms.
Invoked RoslynAnalysisRunner static constructor.
RoslynAnalysisRunner will not be running.
RoslynAnalysisRunner has terminated.
Mono: successfully reloaded assembly
- Completed reload, in  0.801 seconds
Platform modules already initialized, skipping
Refreshing native plugins compatible for Editor in 0.32 ms, found 1 plugins.
Preloading 0 native plugins for Editor in 0.00 ms.
Unloading 1766 Unused Serialized files (Serialized files now loaded: 0)
System memory in use before: 87.4 MB.
System memory in use after: 87.5 MB.

Unloading 8 unused Assets to reduce memory usage. Loaded Objects now: 2248.
Total: 2.103900 ms (FindLiveObjects: 0.175000 ms CreateObjectMapping: 0.054300 ms MarkObjects: 1.859500 ms  DeleteObjects: 0.014400 ms)

========================================================================
Received Import Request.
  Time since last request: 134.579162 seconds.
  path: Assets/Script/Player/Crosshair
  artifactKey: Guid(115bc75ed26c7614ca68ac41b0da0803) Importer(815301076,1909f56bfc062723c751e8b465ee728b)
Start importing Assets/Script/Player/Crosshair using Guid(115bc75ed26c7614ca68ac41b0da0803) Importer(815301076,1909f56bfc062723c751e8b465ee728b)  -> (artifact id: '7aec6ba56959b8808f9beec48b9e12f5') in 0.009545 seconds
  Import took 0.013119 seconds .

========================================================================
Received Import Request.
  Time since last request: 26.102800 seconds.
  path: Assets/Script/Player/Crosshair/SC_Crosshair.cs
  artifactKey: Guid(0fb68cca961c3474eb339ded3a8c2e41) Importer(815301076,1909f56bfc062723c751e8b465ee728b)
Start importing Assets/Script/Player/Crosshair/SC_Crosshair.cs using Guid(0fb68cca961c3474eb339ded3a8c2e41) Importer(815301076,1909f56bfc062723c751e8b465ee728b)  -> (artifact id: '568512c1b2b21a568d5125e385073474') in 0.007483 seconds
  Import took 0.011331 seconds .

========================================================================
Received Import Request.
  Time since last request: 0.001706 seconds.
  path: Assets/Script/Player/Crosshair/SC_Crosshair.cs
  artifactKey: Guid(0fb68cca961c3474eb339ded3a8c2e41) Importer(815301076,1909f56bfc062723c751e8b465ee728b)
Start importing Assets/Script/Player/Crosshair/SC_Crosshair.cs using Guid(0fb68cca961c3474eb339ded3a8c2e41) Importer(815301076,1909f56bfc062723c751e8b465ee728b)  -> (artifact id: '568512c1b2b21a568d5125e385073474') in 0.002446 seconds
  Import took 0.005641 seconds .

========================================================================
Received Prepare
Registering precompiled user dll's ...
Registered in 0.000647 seconds.
Begin MonoManager ReloadAssembly
Native extension for WindowsStandalone target not found
Refreshing native plugins compatible for Editor in 0.32 ms, found 1 plugins.
Preloading 0 native plugins for Editor in 0.00 ms.
Invoked RoslynAnalysisRunner static constructor.
RoslynAnalysisRunner will not be running.
RoslynAnalysisRunner has terminated.
Mono: successfully reloaded assembly
- Completed reload, in  0.876 seconds
Platform modules already initialized, skipping
Refreshing native plugins compatible for Editor in 0.32 ms, found 1 plugins.
Preloading 0 native plugins for Editor in 0.00 ms.
Unloading 1767 Unused Serialized files (Serialized files now loaded: 0)
System memory in use before: 87.5 MB.
System memory in use after: 87.6 MB.

Unloading 8 unused Assets to reduce memory usage. Loaded Objects now: 2251.
Total: 2.166400 ms (FindLiveObjects: 0.175000 ms CreateObjectMapping: 0.055900 ms MarkObjects: 1.916700 ms  DeleteObjects: 0.017500 ms)

========================================================================
Received Prepare
Registering precompiled user dll's ...
Registered in 0.000683 seconds.
Begin MonoManager ReloadAssembly
Native extension for WindowsStandalone target not found
Refreshing native plugins compatible for Editor in 0.32 ms, found 1 plugins.
Preloading 0 native plugins for Editor in 0.00 ms.
Invoked RoslynAnalysisRunner static constructor.
RoslynAnalysisRunner will not be running.
RoslynAnalysisRunner has terminated.
Mono: successfully reloaded assembly
- Completed reload, in  0.826 seconds
Platform modules already initialized, skipping
Refreshing native plugins compatible for Editor in 0.32 ms, found 1 plugins.
Preloading 0 native plugins for Editor in 0.00 ms.
Unloading 1767 Unused Serialized files (Serialized files now loaded: 0)
System memory in use before: 87.6 MB.
System memory in use after: 87.7 MB.

Unloading 8 unused Assets to reduce memory usage. Loaded Objects now: 2253.
Total: 1.978900 ms (FindLiveObjects: 0.180900 ms CreateObjectMapping: 0.074100 ms MarkObjects: 1.706700 ms  DeleteObjects: 0.016200 ms)

========================================================================
Received Prepare
Registering precompiled user dll's ...
Registered in 0.000678 seconds.
Begin MonoManager ReloadAssembly
Native extension for WindowsStandalone target not found
Refreshing native plugins compatible for Editor in 0.32 ms, found 1 plugins.
Preloading 0 native plugins for Editor in 0.00 ms.
Invoked RoslynAnalysisRunner static constructor.
RoslynAnalysisRunner will not be running.
RoslynAnalysisRunner has terminated.
Mono: successfully reloaded assembly
- Completed reload, in  0.831 seconds
Platform modules already initialized, skipping
Refreshing native plugins compatible for Editor in 0.32 ms, found 1 plugins.
Preloading 0 native plugins for Editor in 0.00 ms.
Unloading 1767 Unused Serialized files (Serialized files now loaded: 0)
System memory in use before: 87.6 MB.
System memory in use after: 87.7 MB.

Unloading 8 unused Assets to reduce memory usage. Loaded Objects now: 2255.
Total: 1.716000 ms (FindLiveObjects: 0.164100 ms CreateObjectMapping: 0.062700 ms MarkObjects: 1.473100 ms  DeleteObjects: 0.015300 ms)

========================================================================
Received Prepare
Registering precompiled user dll's ...
Registered in 0.000648 seconds.
Begin MonoManager ReloadAssembly
Native extension for WindowsStandalone target not found
Refreshing native plugins compatible for Editor in 0.39 ms, found 1 plugins.
Preloading 0 native plugins for Editor in 0.00 ms.
Invoked RoslynAnalysisRunner static constructor.
RoslynAnalysisRunner will not be running.
RoslynAnalysisRunner has terminated.
Mono: successfully reloaded assembly
- Completed reload, in  0.859 seconds
Platform modules already initialized, skipping
Refreshing native plugins compatible for Editor in 0.36 ms, found 1 plugins.
Preloading 0 native plugins for Editor in 0.00 ms.
Unloading 1767 Unused Serialized files (Serialized files now loaded: 0)
System memory in use before: 87.8 MB.
System memory in use after: 87.9 MB.

Unloading 8 unused Assets to reduce memory usage. Loaded Objects now: 2257.
Total: 1.805200 ms (FindLiveObjects: 0.204000 ms CreateObjectMapping: 0.078100 ms MarkObjects: 1.508500 ms  DeleteObjects: 0.013600 ms)

========================================================================
Received Prepare
Registering precompiled user dll's ...
Registered in 0.000970 seconds.
Begin MonoManager ReloadAssembly
Native extension for WindowsStandalone target not found
Refreshing native plugins compatible for Editor in 0.32 ms, found 1 plugins.
Preloading 0 native plugins for Editor in 0.00 ms.
Invoked RoslynAnalysisRunner static constructor.
RoslynAnalysisRunner will not be running.
RoslynAnalysisRunner has terminated.
Mono: successfully reloaded assembly
- Completed reload, in  0.841 seconds
Platform modules already initialized, skipping
Refreshing native plugins compatible for Editor in 0.32 ms, found 1 plugins.
Preloading 0 native plugins for Editor in 0.00 ms.
Unloading 1767 Unused Serialized files (Serialized files now loaded: 0)
System memory in use before: 87.9 MB.
System memory in use after: 88.0 MB.

Unloading 8 unused Assets to reduce memory usage. Loaded Objects now: 2259.
Total: 1.769200 ms (FindLiveObjects: 0.205200 ms CreateObjectMapping: 0.095600 ms MarkObjects: 1.451800 ms  DeleteObjects: 0.015300 ms)

========================================================================
Received Prepare
Registering precompiled user dll's ...
Registered in 0.000718 seconds.
Begin MonoManager ReloadAssembly
Native extension for WindowsStandalone target not found
Refreshing native plugins compatible for Editor in 0.35 ms, found 1 plugins.
Preloading 0 native plugins for Editor in 0.00 ms.
Invoked RoslynAnalysisRunner static constructor.
RoslynAnalysisRunner will not be running.
RoslynAnalysisRunner has terminated.
Mono: successfully reloaded assembly
- Completed reload, in  0.849 seconds
Platform modules already initialized, skipping
Refreshing native plugins compatible for Editor in 0.33 ms, found 1 plugins.
Preloading 0 native plugins for Editor in 0.00 ms.
Unloading 1767 Unused Serialized files (Serialized files now loaded: 0)
System memory in use before: 87.9 MB.
System memory in use after: 88.1 MB.

Unloading 8 unused Assets to reduce memory usage. Loaded Objects now: 2261.
Total: 2.168000 ms (FindLiveObjects: 0.262400 ms CreateObjectMapping: 0.074600 ms MarkObjects: 1.812200 ms  DeleteObjects: 0.016800 ms)

========================================================================
Received Prepare
Registering precompiled user dll's ...
Registered in 0.000851 seconds.
Begin MonoManager ReloadAssembly
Native extension for WindowsStandalone target not found
Refreshing native plugins compatible for Editor in 0.33 ms, found 1 plugins.
Preloading 0 native plugins for Editor in 0.00 ms.
Invoked RoslynAnalysisRunner static constructor.
RoslynAnalysisRunner will not be running.
RoslynAnalysisRunner has terminated.
Mono: successfully reloaded assembly
- Completed reload, in  0.825 seconds
Platform modules already initialized, skipping
Refreshing native plugins compatible for Editor in 0.31 ms, found 1 plugins.
Preloading 0 native plugins for Editor in 0.00 ms.
Unloading 1767 Unused Serialized files (Serialized files now loaded: 0)
System memory in use before: 88.0 MB.
System memory in use after: 88.2 MB.

Unloading 8 unused Assets to reduce memory usage. Loaded Objects now: 2263.
Total: 2.550800 ms (FindLiveObjects: 0.239400 ms CreateObjectMapping: 0.099300 ms MarkObjects: 2.191100 ms  DeleteObjects: 0.019700 ms)

========================================================================
Received Prepare
Registering precompiled user dll's ...
Registered in 0.001008 seconds.
Begin MonoManager ReloadAssembly
Native extension for WindowsStandalone target not found
Refreshing native plugins compatible for Editor in 0.31 ms, found 1 plugins.
Preloading 0 native plugins for Editor in 0.00 ms.
Invoked RoslynAnalysisRunner static constructor.
RoslynAnalysisRunner will not be running.
RoslynAnalysisRunner has terminated.
Mono: successfully reloaded assembly
- Completed reload, in  0.851 seconds
Platform modules already initialized, skipping
Refreshing native plugins compatible for Editor in 0.33 ms, found 1 plugins.
Preloading 0 native plugins for Editor in 0.00 ms.
Unloading 1767 Unused Serialized files (Serialized files now loaded: 0)
System memory in use before: 88.1 MB.
System memory in use after: 88.2 MB.

Unloading 8 unused Assets to reduce memory usage. Loaded Objects now: 2265.
Total: 2.041100 ms (FindLiveObjects: 0.191400 ms CreateObjectMapping: 0.096000 ms MarkObjects: 1.734500 ms  DeleteObjects: 0.018000 ms)

========================================================================
Received Prepare
Registering precompiled user dll's ...
Registered in 0.000705 seconds.
Begin MonoManager ReloadAssembly
Native extension for WindowsStandalone target not found
Refreshing native plugins compatible for Editor in 0.36 ms, found 1 plugins.
Preloading 0 native plugins for Editor in 0.00 ms.
Invoked RoslynAnalysisRunner static constructor.
RoslynAnalysisRunner will not be running.
RoslynAnalysisRunner has terminated.
Mono: successfully reloaded assembly
- Completed reload, in  0.800 seconds
Platform modules already initialized, skipping
Refreshing native plugins compatible for Editor in 0.52 ms, found 1 plugins.
Preloading 0 native plugins for Editor in 0.00 ms.
Unloading 1767 Unused Serialized files (Serialized files now loaded: 0)
System memory in use before: 88.2 MB.
System memory in use after: 88.3 MB.

Unloading 8 unused Assets to reduce memory usage. Loaded Objects now: 2267.
Total: 2.059300 ms (FindLiveObjects: 0.184100 ms CreateObjectMapping: 0.077400 ms MarkObjects: 1.781100 ms  DeleteObjects: 0.015600 ms)

========================================================================
Received Prepare
Registering precompiled user dll's ...
Registered in 0.000760 seconds.
Begin MonoManager ReloadAssembly
Native extension for WindowsStandalone target not found
Refreshing native plugins compatible for Editor in 0.32 ms, found 1 plugins.
Preloading 0 native plugins for Editor in 0.00 ms.
Invoked RoslynAnalysisRunner static constructor.
RoslynAnalysisRunner will not be running.
RoslynAnalysisRunner has terminated.
Mono: successfully reloaded assembly
- Completed reload, in  0.849 seconds
Platform modules already initialized, skipping
Refreshing native plugins compatible for Editor in 0.31 ms, found 1 plugins.
Preloading 0 native plugins for Editor in 0.00 ms.
Unloading 1767 Unused Serialized files (Serialized files now loaded: 0)
System memory in use before: 88.3 MB.
System memory in use after: 88.4 MB.

Unloading 8 unused Assets to reduce memory usage. Loaded Objects now: 2269.
Total: 2.238700 ms (FindLiveObjects: 0.346400 ms CreateObjectMapping: 0.124500 ms MarkObjects: 1.747500 ms  DeleteObjects: 0.018600 ms)

========================================================================
Received Import Request.
  Time since last request: 515.206194 seconds.
  path: Assets/Script/Player/Weapons/SC_Weapon_Master.cs
  artifactKey: Guid(5087be3dfadd31342b658b2a69d3a3eb) Importer(815301076,1909f56bfc062723c751e8b465ee728b)
Start importing Assets/Script/Player/Weapons/SC_Weapon_Master.cs using Guid(5087be3dfadd31342b658b2a69d3a3eb) Importer(815301076,1909f56bfc062723c751e8b465ee728b)  -> (artifact id: 'ed7ec43f605bc8ca7b33208c456eb9bd') in 0.005724 seconds
  Import took 0.009045 seconds .

========================================================================
Received Import Request.
  Time since last request: 0.004548 seconds.
  path: Assets/Script/Player/Weapons/SC_Weapon_Master.cs
  artifactKey: Guid(5087be3dfadd31342b658b2a69d3a3eb) Importer(815301076,1909f56bfc062723c751e8b465ee728b)
Start importing Assets/Script/Player/Weapons/SC_Weapon_Master.cs using Guid(5087be3dfadd31342b658b2a69d3a3eb) Importer(815301076,1909f56bfc062723c751e8b465ee728b)  -> (artifact id: 'ed7ec43f605bc8ca7b33208c456eb9bd') in 0.002342 seconds
  Import took 0.005742 seconds .

========================================================================
Received Prepare
Registering precompiled user dll's ...
Registered in 0.000997 seconds.
Begin MonoManager ReloadAssembly
Native extension for WindowsStandalone target not found
Refreshing native plugins compatible for Editor in 0.32 ms, found 1 plugins.
Preloading 0 native plugins for Editor in 0.00 ms.
Invoked RoslynAnalysisRunner static constructor.
RoslynAnalysisRunner will not be running.
RoslynAnalysisRunner has terminated.
Mono: successfully reloaded assembly
- Completed reload, in  0.815 seconds
Platform modules already initialized, skipping
Refreshing native plugins compatible for Editor in 0.35 ms, found 1 plugins.
Preloading 0 native plugins for Editor in 0.00 ms.
Unloading 1767 Unused Serialized files (Serialized files now loaded: 0)
System memory in use before: 88.4 MB.
System memory in use after: 88.5 MB.

Unloading 8 unused Assets to reduce memory usage. Loaded Objects now: 2271.
Total: 1.874500 ms (FindLiveObjects: 0.188200 ms CreateObjectMapping: 0.063300 ms MarkObjects: 1.607000 ms  DeleteObjects: 0.015100 ms)

========================================================================
Received Import Request.
  Time since last request: 70.250938 seconds.
  path: Assets/Script/Player/Weapons/SC_Weapon_Master.cs
  artifactKey: Guid(5087be3dfadd31342b658b2a69d3a3eb) Importer(815301076,1909f56bfc062723c751e8b465ee728b)
Start importing Assets/Script/Player/Weapons/SC_Weapon_Master.cs using Guid(5087be3dfadd31342b658b2a69d3a3eb) Importer(815301076,1909f56bfc062723c751e8b465ee728b)  -> (artifact id: 'a67a30990b3ab28bdf91fc2384ac55c4') in 0.003975 seconds
  Import took 0.006701 seconds .

========================================================================
Received Import Request.
  Time since last request: 22.456162 seconds.
  path: Assets/Sounds
  artifactKey: Guid(9bcd282f72aef39498568f3ba9510e4c) Importer(815301076,1909f56bfc062723c751e8b465ee728b)
Start importing Assets/Sounds using Guid(9bcd282f72aef39498568f3ba9510e4c) Importer(815301076,1909f56bfc062723c751e8b465ee728b)  -> (artifact id: 'e5096359a2ff316e75596ecde6246a5a') in 0.008530 seconds
  Import took 0.012205 seconds .

========================================================================
Received Import Request.
  Time since last request: 9.572810 seconds.
  path: Assets/Sounds/Guns
  artifactKey: Guid(a0069d9c7c03d7740895c26ab8e423f2) Importer(815301076,1909f56bfc062723c751e8b465ee728b)
Start importing Assets/Sounds/Guns using Guid(a0069d9c7c03d7740895c26ab8e423f2) Importer(815301076,1909f56bfc062723c751e8b465ee728b)  -> (artifact id: '23e005601175375fe12edf710e2c3ef9') in 0.007302 seconds
  Import took 0.010625 seconds .

========================================================================
Received Import Request.
  Time since last request: 76.874988 seconds.
  path: Assets/Sounds/Guns/104408__nanashi__slide-released.wav
  artifactKey: Guid(45c8f7adb09818345973288c1d66f2e0) Importer(815301076,1909f56bfc062723c751e8b465ee728b)
Start importing Assets/Sounds/Guns/104408__nanashi__slide-released.wav using Guid(45c8f7adb09818345973288c1d66f2e0) Importer(815301076,1909f56bfc062723c751e8b465ee728b)  -> (artifact id: 'fe9b5d9e9c2c48a6cd59896a1c057220') in 0.083496 seconds
  Import took 0.086380 seconds .

========================================================================
Received Import Request.
  Time since last request: 0.409372 seconds.
  path: Assets/Sounds/Guns/249778__tehlordoswag420__handgun.wav
  artifactKey: Guid(673f1f166682cc547899c77fb74cadc3) Importer(815301076,1909f56bfc062723c751e8b465ee728b)
Start importing Assets/Sounds/Guns/249778__tehlordoswag420__handgun.wav using Guid(673f1f166682cc547899c77fb74cadc3) Importer(815301076,1909f56bfc062723c751e8b465ee728b)  -> (artifact id: 'a9ec3c4774ccb51e5d16e98eed5eb80f') in 0.018294 seconds
  Import took 0.022565 seconds .

========================================================================
Received Import Request.
  Time since last request: 5.715722 seconds.
  path: Assets/Sounds/Guns/ak_semi.wav
  artifactKey: Guid(5deb8db1209d8a547a7c79cdb1e36922) Importer(815301076,1909f56bfc062723c751e8b465ee728b)
Start importing Assets/Sounds/Guns/ak_semi.wav using Guid(5deb8db1209d8a547a7c79cdb1e36922) Importer(815301076,1909f56bfc062723c751e8b465ee728b)  -> (artifact id: '9f330ee3d77f8ab9ae0ff06b7cc64442') in 0.017251 seconds
  Import took 0.020904 seconds .

========================================================================
Received Import Request.
  Time since last request: 0.002444 seconds.
  path: Assets/Sounds/Guns/ak_semi.wav
  artifactKey: Guid(5deb8db1209d8a547a7c79cdb1e36922) Importer(815301076,1909f56bfc062723c751e8b465ee728b)
Start importing Assets/Sounds/Guns/ak_semi.wav using Guid(5deb8db1209d8a547a7c79cdb1e36922) Importer(815301076,1909f56bfc062723c751e8b465ee728b)  -> (artifact id: '9f330ee3d77f8ab9ae0ff06b7cc64442') in 0.009135 seconds
  Import took 0.013985 seconds .

========================================================================
Received Import Request.
  Time since last request: 24.692248 seconds.
  path: Assets/Sounds/Guns/467432__jackyyang09__generic-firearm-dryfire.wav
  artifactKey: Guid(8f05c2132e6d39a42a20a7314eaf7239) Importer(815301076,1909f56bfc062723c751e8b465ee728b)
Start importing Assets/Sounds/Guns/467432__jackyyang09__generic-firearm-dryfire.wav using Guid(8f05c2132e6d39a42a20a7314eaf7239) Importer(815301076,1909f56bfc062723c751e8b465ee728b)  -> (artifact id: '00c75236ba9eff3003fb03c73dc33038') in 0.015677 seconds
  Import took 0.018418 seconds .

========================================================================
Received Import Request.
  Time since last request: 0.002041 seconds.
  path: Assets/Sounds/Guns/467432__jackyyang09__generic-firearm-dryfire.wav
  artifactKey: Guid(8f05c2132e6d39a42a20a7314eaf7239) Importer(815301076,1909f56bfc062723c751e8b465ee728b)
Start importing Assets/Sounds/Guns/467432__jackyyang09__generic-firearm-dryfire.wav using Guid(8f05c2132e6d39a42a20a7314eaf7239) Importer(815301076,1909f56bfc062723c751e8b465ee728b)  -> (artifact id: '00c75236ba9eff3003fb03c73dc33038') in 0.009167 seconds
  Import took 0.012880 seconds .

========================================================================
Received Import Request.
  Time since last request: 45.404101 seconds.
  path: Assets/Script/Player/SC_Fire.cs
  artifactKey: Guid(b25fa5e093d46f84798bff63136e63e4) Importer(815301076,1909f56bfc062723c751e8b465ee728b)
Start importing Assets/Script/Player/SC_Fire.cs using Guid(b25fa5e093d46f84798bff63136e63e4) Importer(815301076,1909f56bfc062723c751e8b465ee728b)  -> (artifact id: '1bb94bf5ca557f5da0bc2fd0ab68fb34') in 0.008081 seconds
  Import took 0.011995 seconds .

========================================================================
Received Prepare
Registering precompiled user dll's ...
Registered in 0.000663 seconds.
Begin MonoManager ReloadAssembly
Native extension for WindowsStandalone target not found
Refreshing native plugins compatible for Editor in 0.32 ms, found 1 plugins.
Preloading 0 native plugins for Editor in 0.00 ms.
Invoked RoslynAnalysisRunner static constructor.
RoslynAnalysisRunner will not be running.
RoslynAnalysisRunner has terminated.
Mono: successfully reloaded assembly
- Completed reload, in  0.833 seconds
Platform modules already initialized, skipping
Refreshing native plugins compatible for Editor in 0.34 ms, found 1 plugins.
Preloading 0 native plugins for Editor in 0.00 ms.
Unloading 1768 Unused Serialized files (Serialized files now loaded: 0)
System memory in use before: 88.6 MB.
System memory in use after: 88.7 MB.

Unloading 8 unused Assets to reduce memory usage. Loaded Objects now: 2280.
Total: 1.908200 ms (FindLiveObjects: 0.181900 ms CreateObjectMapping: 0.058800 ms MarkObjects: 1.653100 ms  DeleteObjects: 0.013600 ms)

========================================================================
Received Prepare
Registering precompiled user dll's ...
Registered in 0.220346 seconds.
Begin MonoManager ReloadAssembly
Native extension for WindowsStandalone target not found
Refreshing native plugins compatible for Editor in 0.32 ms, found 1 plugins.
Preloading 0 native plugins for Editor in 0.00 ms.
Invoked RoslynAnalysisRunner static constructor.
RoslynAnalysisRunner will not be running.
RoslynAnalysisRunner has terminated.
Mono: successfully reloaded assembly
- Completed reload, in  3.572 seconds
Platform modules already initialized, skipping
Refreshing native plugins compatible for Editor in 0.35 ms, found 1 plugins.
Preloading 0 native plugins for Editor in 0.00 ms.
Unloading 1768 Unused Serialized files (Serialized files now loaded: 0)
System memory in use before: 88.7 MB.
System memory in use after: 88.8 MB.

Unloading 8 unused Assets to reduce memory usage. Loaded Objects now: 2282.
Total: 8.911500 ms (FindLiveObjects: 0.188000 ms CreateObjectMapping: 0.072200 ms MarkObjects: 8.633300 ms  DeleteObjects: 0.016900 ms)

========================================================================
Received Prepare
Registering precompiled user dll's ...
Registered in 0.001074 seconds.
Begin MonoManager ReloadAssembly
Native extension for WindowsStandalone target not found
Refreshing native plugins compatible for Editor in 0.31 ms, found 1 plugins.
Preloading 0 native plugins for Editor in 0.00 ms.
Invoked RoslynAnalysisRunner static constructor.
RoslynAnalysisRunner will not be running.
RoslynAnalysisRunner has terminated.
Mono: successfully reloaded assembly
- Completed reload, in  0.979 seconds
Platform modules already initialized, skipping
Refreshing native plugins compatible for Editor in 0.31 ms, found 1 plugins.
Preloading 0 native plugins for Editor in 0.00 ms.
Unloading 1769 Unused Serialized files (Serialized files now loaded: 0)
System memory in use before: 88.8 MB.
System memory in use after: 88.9 MB.

Unloading 8 unused Assets to reduce memory usage. Loaded Objects now: 2285.
Total: 2.361700 ms (FindLiveObjects: 0.212000 ms CreateObjectMapping: 0.104800 ms MarkObjects: 2.015400 ms  DeleteObjects: 0.028400 ms)

========================================================================
Received Prepare
Registering precompiled user dll's ...
Registered in 0.000716 seconds.
Begin MonoManager ReloadAssembly
Native extension for WindowsStandalone target not found
Refreshing native plugins compatible for Editor in 0.33 ms, found 1 plugins.
Preloading 0 native plugins for Editor in 0.00 ms.
Invoked RoslynAnalysisRunner static constructor.
RoslynAnalysisRunner will not be running.
RoslynAnalysisRunner has terminated.
Mono: successfully reloaded assembly
- Completed reload, in  0.992 seconds
Platform modules already initialized, skipping
Refreshing native plugins compatible for Editor in 0.36 ms, found 1 plugins.
Preloading 0 native plugins for Editor in 0.00 ms.
Unloading 1769 Unused Serialized files (Serialized files now loaded: 0)
System memory in use before: 88.8 MB.
System memory in use after: 89.0 MB.

Unloading 8 unused Assets to reduce memory usage. Loaded Objects now: 2287.
Total: 1.802200 ms (FindLiveObjects: 0.177300 ms CreateObjectMapping: 0.066900 ms MarkObjects: 1.544200 ms  DeleteObjects: 0.013000 ms)

========================================================================
Received Import Request.
  Time since last request: 11870.700438 seconds.
  path: Assets/Script/Player/Weapons/SC_Weapon_Master_Handgun.asset
  artifactKey: Guid(9069e6702192f4143bd986051e802e96) Importer(815301076,1909f56bfc062723c751e8b465ee728b)
Start importing Assets/Script/Player/Weapons/SC_Weapon_Master_Handgun.asset using Guid(9069e6702192f4143bd986051e802e96) Importer(815301076,1909f56bfc062723c751e8b465ee728b)  -> (artifact id: '3c9e2b5ba42c6768520bff624ac33b88') in 0.087107 seconds
  Import took 0.092771 seconds .

========================================================================
Received Prepare
Registering precompiled user dll's ...
Registered in 0.000699 seconds.
Begin MonoManager ReloadAssembly
Native extension for WindowsStandalone target not found
Refreshing native plugins compatible for Editor in 0.33 ms, found 1 plugins.
Preloading 0 native plugins for Editor in 0.00 ms.
Invoked RoslynAnalysisRunner static constructor.
RoslynAnalysisRunner will not be running.
RoslynAnalysisRunner has terminated.
Mono: successfully reloaded assembly
- Completed reload, in  0.838 seconds
Platform modules already initialized, skipping
Refreshing native plugins compatible for Editor in 0.31 ms, found 1 plugins.
Preloading 0 native plugins for Editor in 0.00 ms.
Unloading 1769 Unused Serialized files (Serialized files now loaded: 0)
System memory in use before: 88.0 MB.
System memory in use after: 88.1 MB.

Unloading 8 unused Assets to reduce memory usage. Loaded Objects now: 2289.
Total: 1.756400 ms (FindLiveObjects: 0.166500 ms CreateObjectMapping: 0.059900 ms MarkObjects: 1.515900 ms  DeleteObjects: 0.013300 ms)

========================================================================
Received Prepare
Registering precompiled user dll's ...
Registered in 0.000698 seconds.
Begin MonoManager ReloadAssembly
Native extension for WindowsStandalone target not found
Refreshing native plugins compatible for Editor in 0.34 ms, found 1 plugins.
Preloading 0 native plugins for Editor in 0.00 ms.
Invoked RoslynAnalysisRunner static constructor.
RoslynAnalysisRunner will not be running.
RoslynAnalysisRunner has terminated.
Mono: successfully reloaded assembly
- Completed reload, in  0.993 seconds
Platform modules already initialized, skipping
Refreshing native plugins compatible for Editor in 0.32 ms, found 1 plugins.
Preloading 0 native plugins for Editor in 0.00 ms.
Unloading 1769 Unused Serialized files (Serialized files now loaded: 0)
System memory in use before: 88.1 MB.
System memory in use after: 88.2 MB.

Unloading 8 unused Assets to reduce memory usage. Loaded Objects now: 2291.
Total: 2.000900 ms (FindLiveObjects: 0.201600 ms CreateObjectMapping: 0.068400 ms MarkObjects: 1.716400 ms  DeleteObjects: 0.013700 ms)

========================================================================
Received Prepare
Registering precompiled user dll's ...
Registered in 0.000754 seconds.
Begin MonoManager ReloadAssembly
Native extension for WindowsStandalone target not found
Refreshing native plugins compatible for Editor in 0.32 ms, found 1 plugins.
Preloading 0 native plugins for Editor in 0.00 ms.
Invoked RoslynAnalysisRunner static constructor.
RoslynAnalysisRunner will not be running.
RoslynAnalysisRunner has terminated.
Mono: successfully reloaded assembly
- Completed reload, in  0.811 seconds
Platform modules already initialized, skipping
Refreshing native plugins compatible for Editor in 0.32 ms, found 1 plugins.
Preloading 0 native plugins for Editor in 0.00 ms.
Unloading 1769 Unused Serialized files (Serialized files now loaded: 0)
System memory in use before: 88.2 MB.
System memory in use after: 88.3 MB.

Unloading 8 unused Assets to reduce memory usage. Loaded Objects now: 2293.
Total: 1.891600 ms (FindLiveObjects: 0.241900 ms CreateObjectMapping: 0.062800 ms MarkObjects: 1.570000 ms  DeleteObjects: 0.015400 ms)

========================================================================
Received Prepare
Registering precompiled user dll's ...
Registered in 0.000739 seconds.
Begin MonoManager ReloadAssembly
Native extension for WindowsStandalone target not found
Refreshing native plugins compatible for Editor in 0.32 ms, found 1 plugins.
Preloading 0 native plugins for Editor in 0.00 ms.
Invoked RoslynAnalysisRunner static constructor.
RoslynAnalysisRunner will not be running.
RoslynAnalysisRunner has terminated.
Mono: successfully reloaded assembly
- Completed reload, in  0.962 seconds
Platform modules already initialized, skipping
Refreshing native plugins compatible for Editor in 0.34 ms, found 1 plugins.
Preloading 0 native plugins for Editor in 0.00 ms.
Unloading 1769 Unused Serialized files (Serialized files now loaded: 0)
System memory in use before: 88.3 MB.
System memory in use after: 88.4 MB.

Unloading 8 unused Assets to reduce memory usage. Loaded Objects now: 2295.
Total: 1.761900 ms (FindLiveObjects: 0.161300 ms CreateObjectMapping: 0.056700 ms MarkObjects: 1.529900 ms  DeleteObjects: 0.013200 ms)

========================================================================
Received Prepare
Registering precompiled user dll's ...
Registered in 0.000705 seconds.
Begin MonoManager ReloadAssembly
Native extension for WindowsStandalone target not found
Refreshing native plugins compatible for Editor in 0.32 ms, found 1 plugins.
Preloading 0 native plugins for Editor in 0.00 ms.
Invoked RoslynAnalysisRunner static constructor.
RoslynAnalysisRunner will not be running.
RoslynAnalysisRunner has terminated.
Mono: successfully reloaded assembly
- Completed reload, in  0.878 seconds
Platform modules already initialized, skipping
Refreshing native plugins compatible for Editor in 0.33 ms, found 1 plugins.
Preloading 0 native plugins for Editor in 0.00 ms.
Unloading 1769 Unused Serialized files (Serialized files now loaded: 0)
System memory in use before: 88.4 MB.
System memory in use after: 88.5 MB.

Unloading 8 unused Assets to reduce memory usage. Loaded Objects now: 2297.
Total: 1.944400 ms (FindLiveObjects: 0.198600 ms CreateObjectMapping: 0.069700 ms MarkObjects: 1.650600 ms  DeleteObjects: 0.023900 ms)

========================================================================
Received Prepare
Registering precompiled user dll's ...
Registered in 0.000677 seconds.
Begin MonoManager ReloadAssembly
Native extension for WindowsStandalone target not found
Refreshing native plugins compatible for Editor in 0.31 ms, found 1 plugins.
Preloading 0 native plugins for Editor in 0.00 ms.
Invoked RoslynAnalysisRunner static constructor.
RoslynAnalysisRunner will not be running.
RoslynAnalysisRunner has terminated.
Mono: successfully reloaded assembly
- Completed reload, in  1.720 seconds
Platform modules already initialized, skipping
Refreshing native plugins compatible for Editor in 0.32 ms, found 1 plugins.
Preloading 0 native plugins for Editor in 0.00 ms.
Unloading 1769 Unused Serialized files (Serialized files now loaded: 0)
System memory in use before: 88.5 MB.
System memory in use after: 88.6 MB.

Unloading 8 unused Assets to reduce memory usage. Loaded Objects now: 2299.
Total: 1.871800 ms (FindLiveObjects: 0.205600 ms CreateObjectMapping: 0.062000 ms MarkObjects: 1.589400 ms  DeleteObjects: 0.013900 ms)

========================================================================
Received Prepare
Registering precompiled user dll's ...
Registered in 0.001256 seconds.
Begin MonoManager ReloadAssembly
Native extension for WindowsStandalone target not found
Refreshing native plugins compatible for Editor in 0.32 ms, found 1 plugins.
Preloading 0 native plugins for Editor in 0.00 ms.
Invoked RoslynAnalysisRunner static constructor.
RoslynAnalysisRunner will not be running.
RoslynAnalysisRunner has terminated.
Mono: successfully reloaded assembly
- Completed reload, in  0.802 seconds
Platform modules already initialized, skipping
Refreshing native plugins compatible for Editor in 0.37 ms, found 1 plugins.
Preloading 0 native plugins for Editor in 0.00 ms.
Unloading 1769 Unused Serialized files (Serialized files now loaded: 0)
System memory in use before: 88.6 MB.
System memory in use after: 88.7 MB.

Unloading 8 unused Assets to reduce memory usage. Loaded Objects now: 2301.
Total: 1.801700 ms (FindLiveObjects: 0.179100 ms CreateObjectMapping: 0.066500 ms MarkObjects: 1.541800 ms  DeleteObjects: 0.013400 ms)

========================================================================
Received Prepare
Registering precompiled user dll's ...
Registered in 0.001028 seconds.
Begin MonoManager ReloadAssembly
Native extension for WindowsStandalone target not found
Refreshing native plugins compatible for Editor in 0.72 ms, found 1 plugins.
Preloading 0 native plugins for Editor in 0.00 ms.
Invoked RoslynAnalysisRunner static constructor.
RoslynAnalysisRunner will not be running.
RoslynAnalysisRunner has terminated.
Mono: successfully reloaded assembly
- Completed reload, in  0.906 seconds
Platform modules already initialized, skipping
Refreshing native plugins compatible for Editor in 0.32 ms, found 1 plugins.
Preloading 0 native plugins for Editor in 0.00 ms.
Unloading 1769 Unused Serialized files (Serialized files now loaded: 0)
System memory in use before: 88.7 MB.
System memory in use after: 88.8 MB.

Unloading 8 unused Assets to reduce memory usage. Loaded Objects now: 2303.
Total: 1.773400 ms (FindLiveObjects: 0.174800 ms CreateObjectMapping: 0.062200 ms MarkObjects: 1.520400 ms  DeleteObjects: 0.015000 ms)

========================================================================
Received Import Request.
  Time since last request: 560.897311 seconds.
  path: Assets/Sounds/GameAudioMixer.mixer
  artifactKey: Guid(90240e35934f1cf4095ebc778945e586) Importer(815301076,1909f56bfc062723c751e8b465ee728b)
Start importing Assets/Sounds/GameAudioMixer.mixer using Guid(90240e35934f1cf4095ebc778945e586) Importer(815301076,1909f56bfc062723c751e8b465ee728b)  -> (artifact id: '850fd6db055193372e0487c534bbbba4') in 0.046258 seconds
  Import took 0.050060 seconds .

========================================================================
Received Import Request.
  Time since last request: 23.221089 seconds.
  path: Assets/Sounds/NewAudioMixer.mixer
  artifactKey: Guid(f2e5bde6eb454204d8a9e99a0e84136c) Importer(815301076,1909f56bfc062723c751e8b465ee728b)
Start importing Assets/Sounds/NewAudioMixer.mixer using Guid(f2e5bde6eb454204d8a9e99a0e84136c) Importer(815301076,1909f56bfc062723c751e8b465ee728b)  -> (artifact id: '8286230771dd4443a146c29e39876cf7') in 0.007810 seconds
  Import took 0.011274 seconds .

========================================================================
Received Import Request.
  Time since last request: 0.008218 seconds.
  path: Assets/Sounds/NewAudioMixer.mixer
  artifactKey: Guid(f2e5bde6eb454204d8a9e99a0e84136c) Importer(815301076,1909f56bfc062723c751e8b465ee728b)
Start importing Assets/Sounds/NewAudioMixer.mixer using Guid(f2e5bde6eb454204d8a9e99a0e84136c) Importer(815301076,1909f56bfc062723c751e8b465ee728b)  -> (artifact id: '8286230771dd4443a146c29e39876cf7') in 0.003055 seconds
  Import took 0.007338 seconds .

========================================================================
Received Import Request.
  Time since last request: 41.246968 seconds.
  path: Assets/BGM.mixer
  artifactKey: Guid(4fb9c3d503097ab4aab487da363be327) Importer(815301076,1909f56bfc062723c751e8b465ee728b)
Start importing Assets/BGM.mixer using Guid(4fb9c3d503097ab4aab487da363be327) Importer(815301076,1909f56bfc062723c751e8b465ee728b)  -> (artifact id: '9cb4e2c84050036e6f34b51e7c7ae926') in 0.009446 seconds
  Import took 0.012811 seconds .

========================================================================
Received Import Request.
  Time since last request: 0.008636 seconds.
  path: Assets/BGM.mixer
  artifactKey: Guid(4fb9c3d503097ab4aab487da363be327) Importer(815301076,1909f56bfc062723c751e8b465ee728b)
Start importing Assets/BGM.mixer using Guid(4fb9c3d503097ab4aab487da363be327) Importer(815301076,1909f56bfc062723c751e8b465ee728b)  -> (artifact id: '9cb4e2c84050036e6f34b51e7c7ae926') in 0.003620 seconds
  Import took 0.006868 seconds .

========================================================================
Received Import Request.
  Time since last request: 1.093016 seconds.
  path: Assets/BGM.mixer
  artifactKey: Guid(4fb9c3d503097ab4aab487da363be327) Importer(815301076,1909f56bfc062723c751e8b465ee728b)
Start importing Assets/BGM.mixer using Guid(4fb9c3d503097ab4aab487da363be327) Importer(815301076,1909f56bfc062723c751e8b465ee728b)  -> (artifact id: '2388f58350a414e4be6d76b13beb2d81') in 0.003255 seconds
  Import took 0.006738 seconds .

========================================================================
Received Import Request.
  Time since last request: 0.014082 seconds.
  path: Assets/BGM.mixer
  artifactKey: Guid(4fb9c3d503097ab4aab487da363be327) Importer(815301076,1909f56bfc062723c751e8b465ee728b)
Start importing Assets/BGM.mixer using Guid(4fb9c3d503097ab4aab487da363be327) Importer(815301076,1909f56bfc062723c751e8b465ee728b)  -> (artifact id: '2388f58350a414e4be6d76b13beb2d81') in 0.003483 seconds
  Import took 0.008558 seconds .

========================================================================
Received Import Request.
  Time since last request: 33.463489 seconds.
  path: Assets/Sounds/Mixer
  artifactKey: Guid(a854d01562a5ecd4cb8f02a4a742fc7a) Importer(815301076,1909f56bfc062723c751e8b465ee728b)
Start importing Assets/Sounds/Mixer using Guid(a854d01562a5ecd4cb8f02a4a742fc7a) Importer(815301076,1909f56bfc062723c751e8b465ee728b)  -> (artifact id: '5c6b2c63ebfbefa0521bbe84015f5abd') in 0.006526 seconds
  Import took 0.010615 seconds .

========================================================================
Received Import Request.
  Time since last request: 0.012201 seconds.
  path: Assets/Sounds/Mixer
  artifactKey: Guid(a854d01562a5ecd4cb8f02a4a742fc7a) Importer(815301076,1909f56bfc062723c751e8b465ee728b)
Start importing Assets/Sounds/Mixer using Guid(a854d01562a5ecd4cb8f02a4a742fc7a) Importer(815301076,1909f56bfc062723c751e8b465ee728b)  -> (artifact id: '5c6b2c63ebfbefa0521bbe84015f5abd') in 0.004427 seconds
  Import took 0.008597 seconds .

========================================================================
Received Import Request.
  Time since last request: 1.231446 seconds.
  path: Assets/Sounds/GameAudioMixer.mixer
  artifactKey: Guid(90240e35934f1cf4095ebc778945e586) Importer(815301076,1909f56bfc062723c751e8b465ee728b)
Start importing Assets/Sounds/GameAudioMixer.mixer using Guid(90240e35934f1cf4095ebc778945e586) Importer(815301076,1909f56bfc062723c751e8b465ee728b)  -> (artifact id: '1d534e465ad85a6fc751963009f52b9d') in 0.003894 seconds
  Import took 0.007054 seconds .

========================================================================
Received Import Request.
  Time since last request: 0.042368 seconds.
  path: Assets/Sounds/GameAudioMixer.mixer
  artifactKey: Guid(90240e35934f1cf4095ebc778945e586) Importer(815301076,1909f56bfc062723c751e8b465ee728b)
Start importing Assets/Sounds/GameAudioMixer.mixer using Guid(90240e35934f1cf4095ebc778945e586) Importer(815301076,1909f56bfc062723c751e8b465ee728b)  -> (artifact id: '1d534e465ad85a6fc751963009f52b9d') in 0.002965 seconds
  Import took 0.005825 seconds .

========================================================================
Received Import Request.
  Time since last request: 0.439032 seconds.
  path: Assets/Sounds/SFX.mixer
  artifactKey: Guid(f2e5bde6eb454204d8a9e99a0e84136c) Importer(815301076,1909f56bfc062723c751e8b465ee728b)
Start importing Assets/Sounds/SFX.mixer using Guid(f2e5bde6eb454204d8a9e99a0e84136c) Importer(815301076,1909f56bfc062723c751e8b465ee728b)  -> (artifact id: '23ba6b565bfa8044eeeb4dae11201faa') in 0.006806 seconds
  Import took 0.011064 seconds .

========================================================================
Received Import Request.
  Time since last request: 0.003704 seconds.
  path: Assets/Sounds/SFX.mixer
  artifactKey: Guid(f2e5bde6eb454204d8a9e99a0e84136c) Importer(815301076,1909f56bfc062723c751e8b465ee728b)
Start importing Assets/Sounds/SFX.mixer using Guid(f2e5bde6eb454204d8a9e99a0e84136c) Importer(815301076,1909f56bfc062723c751e8b465ee728b)  -> (artifact id: '23ba6b565bfa8044eeeb4dae11201faa') in 0.004486 seconds
  Import took 0.008067 seconds .

========================================================================
Received Import Request.
  Time since last request: 38.257439 seconds.
  path: Assets/Sounds/Mixer/GameAudioMixer.mixer
  artifactKey: Guid(90240e35934f1cf4095ebc778945e586) Importer(815301076,1909f56bfc062723c751e8b465ee728b)
Start importing Assets/Sounds/Mixer/GameAudioMixer.mixer using Guid(90240e35934f1cf4095ebc778945e586) Importer(815301076,1909f56bfc062723c751e8b465ee728b)  -> (artifact id: '450ad638683140cad7fba7aec33704e7') in 0.002986 seconds
  Import took 0.006821 seconds .

========================================================================
Received Import Request.
  Time since last request: 0.015143 seconds.
  path: Assets/Sounds/Mixer/GameAudioMixer.mixer
  artifactKey: Guid(90240e35934f1cf4095ebc778945e586) Importer(815301076,1909f56bfc062723c751e8b465ee728b)
Start importing Assets/Sounds/Mixer/GameAudioMixer.mixer using Guid(90240e35934f1cf4095ebc778945e586) Importer(815301076,1909f56bfc062723c751e8b465ee728b)  -> (artifact id: '450ad638683140cad7fba7aec33704e7') in 0.002984 seconds
  Import took 0.005878 seconds .

========================================================================
Received Import Request.
  Time since last request: 3.524766 seconds.
  path: Assets/Sounds/Mixer/GameAudioMixer.mixer
  artifactKey: Guid(90240e35934f1cf4095ebc778945e586) Importer(815301076,1909f56bfc062723c751e8b465ee728b)
Start importing Assets/Sounds/Mixer/GameAudioMixer.mixer using Guid(90240e35934f1cf4095ebc778945e586) Importer(815301076,1909f56bfc062723c751e8b465ee728b)  -> (artifact id: '69cff78e00258053d4ad932b898fd5a3') in 0.003287 seconds
  Import took 0.007203 seconds .

========================================================================
Received Import Request.
  Time since last request: 0.015148 seconds.
  path: Assets/Sounds/Mixer/GameAudioMixer.mixer
  artifactKey: Guid(90240e35934f1cf4095ebc778945e586) Importer(815301076,1909f56bfc062723c751e8b465ee728b)
Start importing Assets/Sounds/Mixer/GameAudioMixer.mixer using Guid(90240e35934f1cf4095ebc778945e586) Importer(815301076,1909f56bfc062723c751e8b465ee728b)  -> (artifact id: '69cff78e00258053d4ad932b898fd5a3') in 0.003573 seconds
  Import took 0.007220 seconds .

========================================================================
Received Import Request.
  Time since last request: 1.499775 seconds.
  path: Assets/Sounds/Mixer/GameAudioMixer.mixer
  artifactKey: Guid(90240e35934f1cf4095ebc778945e586) Importer(815301076,1909f56bfc062723c751e8b465ee728b)
Start importing Assets/Sounds/Mixer/GameAudioMixer.mixer using Guid(90240e35934f1cf4095ebc778945e586) Importer(815301076,1909f56bfc062723c751e8b465ee728b)  -> (artifact id: 'e474e79bd519c953c83240c8f39fe7f6') in 0.002567 seconds
  Import took 0.005909 seconds .

========================================================================
Received Import Request.
  Time since last request: 0.016148 seconds.
  path: Assets/Sounds/Mixer/GameAudioMixer.mixer
  artifactKey: Guid(90240e35934f1cf4095ebc778945e586) Importer(815301076,1909f56bfc062723c751e8b465ee728b)
Start importing Assets/Sounds/Mixer/GameAudioMixer.mixer using Guid(90240e35934f1cf4095ebc778945e586) Importer(815301076,1909f56bfc062723c751e8b465ee728b)  -> (artifact id: 'e474e79bd519c953c83240c8f39fe7f6') in 0.002882 seconds
  Import took 0.005882 seconds .

========================================================================
Received Import Request.
  Time since last request: 5.155000 seconds.
  path: Assets/Sounds/Mixer/GameAudioMixer.mixer
  artifactKey: Guid(90240e35934f1cf4095ebc778945e586) Importer(815301076,1909f56bfc062723c751e8b465ee728b)
Start importing Assets/Sounds/Mixer/GameAudioMixer.mixer using Guid(90240e35934f1cf4095ebc778945e586) Importer(815301076,1909f56bfc062723c751e8b465ee728b)  -> (artifact id: 'e656a8f9e18f70049801758efa3ec0f7') in 0.015093 seconds
  Import took 0.017999 seconds .

========================================================================
Received Import Request.
  Time since last request: 0.001254 seconds.
  path: Assets/Sounds/Mixer/GameAudioMixer.mixer
  artifactKey: Guid(90240e35934f1cf4095ebc778945e586) Importer(815301076,1909f56bfc062723c751e8b465ee728b)
Start importing Assets/Sounds/Mixer/GameAudioMixer.mixer using Guid(90240e35934f1cf4095ebc778945e586) Importer(815301076,1909f56bfc062723c751e8b465ee728b)  -> (artifact id: 'e656a8f9e18f70049801758efa3ec0f7') in 0.004336 seconds
  Import took 0.007516 seconds .

========================================================================
Received Import Request.
  Time since last request: 5.635988 seconds.
  path: Assets/Sounds/Mixer/GameAudioMixer.mixer
  artifactKey: Guid(90240e35934f1cf4095ebc778945e586) Importer(815301076,1909f56bfc062723c751e8b465ee728b)
Start importing Assets/Sounds/Mixer/GameAudioMixer.mixer using Guid(90240e35934f1cf4095ebc778945e586) Importer(815301076,1909f56bfc062723c751e8b465ee728b)  -> (artifact id: 'de805725d42fd979ec508c9e12375467') in 0.003391 seconds
  Import took 0.007145 seconds .

========================================================================
Received Import Request.
  Time since last request: 0.013086 seconds.
  path: Assets/Sounds/Mixer/GameAudioMixer.mixer
  artifactKey: Guid(90240e35934f1cf4095ebc778945e586) Importer(815301076,1909f56bfc062723c751e8b465ee728b)
Start importing Assets/Sounds/Mixer/GameAudioMixer.mixer using Guid(90240e35934f1cf4095ebc778945e586) Importer(815301076,1909f56bfc062723c751e8b465ee728b)  -> (artifact id: 'de805725d42fd979ec508c9e12375467') in 0.004037 seconds
  Import took 0.007926 seconds .

========================================================================
Received Prepare
Registering precompiled user dll's ...
Registered in 0.000715 seconds.
Begin MonoManager ReloadAssembly
Native extension for WindowsStandalone target not found
Refreshing native plugins compatible for Editor in 0.32 ms, found 1 plugins.
Preloading 0 native plugins for Editor in 0.00 ms.
Invoked RoslynAnalysisRunner static constructor.
RoslynAnalysisRunner will not be running.
RoslynAnalysisRunner has terminated.
Mono: successfully reloaded assembly
- Completed reload, in  0.853 seconds
Platform modules already initialized, skipping
Refreshing native plugins compatible for Editor in 0.33 ms, found 1 plugins.
Preloading 0 native plugins for Editor in 0.00 ms.
Unloading 1769 Unused Serialized files (Serialized files now loaded: 0)
System memory in use before: 88.8 MB.
System memory in use after: 88.9 MB.

Unloading 8 unused Assets to reduce memory usage. Loaded Objects now: 2305.
Total: 2.119900 ms (FindLiveObjects: 0.291500 ms CreateObjectMapping: 0.108900 ms MarkObjects: 1.702100 ms  DeleteObjects: 0.015700 ms)

========================================================================
Received Import Request.
  Time since last request: 149.428826 seconds.
  path: Assets/Script/Player/SC_GetComponent.cs
  artifactKey: Guid(879182785c3a22f4a900b09b51da13e7) Importer(815301076,1909f56bfc062723c751e8b465ee728b)
Start importing Assets/Script/Player/SC_GetComponent.cs using Guid(879182785c3a22f4a900b09b51da13e7) Importer(815301076,1909f56bfc062723c751e8b465ee728b)  -> (artifact id: '0f70da13edb1bb024cebb5bec350ff57') in 0.011165 seconds
  Import took 0.014786 seconds .

========================================================================
Received Import Request.
  Time since last request: 0.019903 seconds.
  path: Assets/Script/Player/SC_GetComponent.cs
  artifactKey: Guid(879182785c3a22f4a900b09b51da13e7) Importer(815301076,1909f56bfc062723c751e8b465ee728b)
Start importing Assets/Script/Player/SC_GetComponent.cs using Guid(879182785c3a22f4a900b09b51da13e7) Importer(815301076,1909f56bfc062723c751e8b465ee728b)  -> (artifact id: '0f70da13edb1bb024cebb5bec350ff57') in 0.003010 seconds
  Import took 0.006294 seconds .

========================================================================
Received Prepare
Registering precompiled user dll's ...
Registered in 0.000687 seconds.
Begin MonoManager ReloadAssembly
Native extension for WindowsStandalone target not found
Refreshing native plugins compatible for Editor in 0.33 ms, found 1 plugins.
Preloading 0 native plugins for Editor in 0.00 ms.
Invoked RoslynAnalysisRunner static constructor.
RoslynAnalysisRunner will not be running.
RoslynAnalysisRunner has terminated.
Mono: successfully reloaded assembly
- Completed reload, in  0.965 seconds
Platform modules already initialized, skipping
Refreshing native plugins compatible for Editor in 0.31 ms, found 1 plugins.
Preloading 0 native plugins for Editor in 0.00 ms.
Unloading 1770 Unused Serialized files (Serialized files now loaded: 0)
System memory in use before: 88.9 MB.
System memory in use after: 89.0 MB.

Unloading 8 unused Assets to reduce memory usage. Loaded Objects now: 2308.
Total: 1.910300 ms (FindLiveObjects: 0.195600 ms CreateObjectMapping: 0.061800 ms MarkObjects: 1.630100 ms  DeleteObjects: 0.021800 ms)

========================================================================
Received Import Request.
  Time since last request: 6.236477 seconds.
  path: Assets/Script/Player/SC_GetComponents.cs
  artifactKey: Guid(879182785c3a22f4a900b09b51da13e7) Importer(815301076,1909f56bfc062723c751e8b465ee728b)
Start importing Assets/Script/Player/SC_GetComponents.cs using Guid(879182785c3a22f4a900b09b51da13e7) Importer(815301076,1909f56bfc062723c751e8b465ee728b)  -> (artifact id: 'e6347818581224ef3b697250e3de5516') in 0.008459 seconds
  Import took 0.011553 seconds .

========================================================================
Received Import Request.
  Time since last request: 0.015227 seconds.
  path: Assets/Script/Player/SC_GetComponents.cs
  artifactKey: Guid(879182785c3a22f4a900b09b51da13e7) Importer(815301076,1909f56bfc062723c751e8b465ee728b)
Start importing Assets/Script/Player/SC_GetComponents.cs using Guid(879182785c3a22f4a900b09b51da13e7) Importer(815301076,1909f56bfc062723c751e8b465ee728b)  -> (artifact id: 'e6347818581224ef3b697250e3de5516') in 0.003450 seconds
  Import took 0.006727 seconds .

========================================================================
Received Prepare
Registering precompiled user dll's ...
Registered in 0.000808 seconds.
Begin MonoManager ReloadAssembly
Native extension for WindowsStandalone target not found
Refreshing native plugins compatible for Editor in 0.36 ms, found 1 plugins.
Preloading 0 native plugins for Editor in 0.00 ms.
Invoked RoslynAnalysisRunner static constructor.
RoslynAnalysisRunner will not be running.
RoslynAnalysisRunner has terminated.
Mono: successfully reloaded assembly
- Completed reload, in  0.831 seconds
Platform modules already initialized, skipping
Refreshing native plugins compatible for Editor in 0.33 ms, found 1 plugins.
Preloading 0 native plugins for Editor in 0.00 ms.
Unloading 1770 Unused Serialized files (Serialized files now loaded: 0)
System memory in use before: 88.9 MB.
System memory in use after: 89.0 MB.

Unloading 8 unused Assets to reduce memory usage. Loaded Objects now: 2310.
Total: 1.777100 ms (FindLiveObjects: 0.245000 ms CreateObjectMapping: 0.065100 ms MarkObjects: 1.447600 ms  DeleteObjects: 0.018300 ms)

========================================================================
Received Import Request.
  Time since last request: 365.034329 seconds.
  path: Assets/Script/Player/SC_GetComponents.cs
  artifactKey: Guid(879182785c3a22f4a900b09b51da13e7) Importer(815301076,1909f56bfc062723c751e8b465ee728b)
Start importing Assets/Script/Player/SC_GetComponents.cs using Guid(879182785c3a22f4a900b09b51da13e7) Importer(815301076,1909f56bfc062723c751e8b465ee728b)  -> (artifact id: '695dd1ef097be31045ebfd989bc962d6') in 0.004775 seconds
  Import took 0.008470 seconds .

========================================================================
Received Prepare
Registering precompiled user dll's ...
Registered in 0.000716 seconds.
Begin MonoManager ReloadAssembly
Native extension for WindowsStandalone target not found
Refreshing native plugins compatible for Editor in 0.33 ms, found 1 plugins.
Preloading 0 native plugins for Editor in 0.00 ms.
Invoked RoslynAnalysisRunner static constructor.
RoslynAnalysisRunner will not be running.
RoslynAnalysisRunner has terminated.
Mono: successfully reloaded assembly
- Completed reload, in  0.967 seconds
Platform modules already initialized, skipping
Refreshing native plugins compatible for Editor in 0.35 ms, found 1 plugins.
Preloading 0 native plugins for Editor in 0.00 ms.
Unloading 1770 Unused Serialized files (Serialized files now loaded: 0)
System memory in use before: 88.1 MB.
System memory in use after: 88.2 MB.

Unloading 8 unused Assets to reduce memory usage. Loaded Objects now: 2312.
Total: 2.102300 ms (FindLiveObjects: 0.260100 ms CreateObjectMapping: 0.100500 ms MarkObjects: 1.726500 ms  DeleteObjects: 0.014200 ms)

========================================================================
Received Prepare
Registering precompiled user dll's ...
Registered in 0.000697 seconds.
Begin MonoManager ReloadAssembly
Native extension for WindowsStandalone target not found
Refreshing native plugins compatible for Editor in 0.32 ms, found 1 plugins.
Preloading 0 native plugins for Editor in 0.00 ms.
Invoked RoslynAnalysisRunner static constructor.
RoslynAnalysisRunner will not be running.
RoslynAnalysisRunner has terminated.
Mono: successfully reloaded assembly
- Completed reload, in  0.839 seconds
Platform modules already initialized, skipping
Refreshing native plugins compatible for Editor in 0.34 ms, found 1 plugins.
Preloading 0 native plugins for Editor in 0.00 ms.
Unloading 1770 Unused Serialized files (Serialized files now loaded: 0)
System memory in use before: 88.2 MB.
System memory in use after: 88.3 MB.

Unloading 8 unused Assets to reduce memory usage. Loaded Objects now: 2314.
Total: 1.814700 ms (FindLiveObjects: 0.173100 ms CreateObjectMapping: 0.061500 ms MarkObjects: 1.564800 ms  DeleteObjects: 0.014300 ms)

========================================================================
Received Prepare
Registering precompiled user dll's ...
Registered in 0.000710 seconds.
Begin MonoManager ReloadAssembly
Native extension for WindowsStandalone target not found
Refreshing native plugins compatible for Editor in 0.50 ms, found 1 plugins.
Preloading 0 native plugins for Editor in 0.00 ms.
Invoked RoslynAnalysisRunner static constructor.
RoslynAnalysisRunner will not be running.
RoslynAnalysisRunner has terminated.
Mono: successfully reloaded assembly
- Completed reload, in  0.852 seconds
Platform modules already initialized, skipping
Refreshing native plugins compatible for Editor in 0.41 ms, found 1 plugins.
Preloading 0 native plugins for Editor in 0.00 ms.
Unloading 1770 Unused Serialized files (Serialized files now loaded: 0)
System memory in use before: 88.3 MB.
System memory in use after: 88.4 MB.

Unloading 8 unused Assets to reduce memory usage. Loaded Objects now: 2316.
Total: 2.266600 ms (FindLiveObjects: 0.328300 ms CreateObjectMapping: 0.089100 ms MarkObjects: 1.831100 ms  DeleteObjects: 0.016700 ms)

========================================================================
Received Prepare
Registering precompiled user dll's ...
Registered in 0.001224 seconds.
Begin MonoManager ReloadAssembly
Native extension for WindowsStandalone target not found
Refreshing native plugins compatible for Editor in 0.48 ms, found 1 plugins.
Preloading 0 native plugins for Editor in 0.00 ms.
Invoked RoslynAnalysisRunner static constructor.
RoslynAnalysisRunner will not be running.
RoslynAnalysisRunner has terminated.
Mono: successfully reloaded assembly
- Completed reload, in  0.855 seconds
Platform modules already initialized, skipping
Refreshing native plugins compatible for Editor in 0.35 ms, found 1 plugins.
Preloading 0 native plugins for Editor in 0.00 ms.
Unloading 1770 Unused Serialized files (Serialized files now loaded: 0)
System memory in use before: 88.4 MB.
System memory in use after: 88.5 MB.

Unloading 8 unused Assets to reduce memory usage. Loaded Objects now: 2318.
Total: 2.045200 ms (FindLiveObjects: 0.206300 ms CreateObjectMapping: 0.074600 ms MarkObjects: 1.739800 ms  DeleteObjects: 0.023300 ms)

========================================================================
Received Prepare
Registering precompiled user dll's ...
Registered in 0.000690 seconds.
Begin MonoManager ReloadAssembly
Native extension for WindowsStandalone target not found
Refreshing native plugins compatible for Editor in 0.32 ms, found 1 plugins.
Preloading 0 native plugins for Editor in 0.00 ms.
Invoked RoslynAnalysisRunner static constructor.
RoslynAnalysisRunner will not be running.
RoslynAnalysisRunner has terminated.
Mono: successfully reloaded assembly
- Completed reload, in  0.833 seconds
Platform modules already initialized, skipping
Refreshing native plugins compatible for Editor in 0.32 ms, found 1 plugins.
Preloading 0 native plugins for Editor in 0.00 ms.
Unloading 1770 Unused Serialized files (Serialized files now loaded: 0)
System memory in use before: 88.5 MB.
System memory in use after: 88.6 MB.

Unloading 8 unused Assets to reduce memory usage. Loaded Objects now: 2320.
Total: 2.096600 ms (FindLiveObjects: 0.200400 ms CreateObjectMapping: 0.070900 ms MarkObjects: 1.802400 ms  DeleteObjects: 0.021700 ms)

========================================================================
Received Prepare
Registering precompiled user dll's ...
Registered in 0.000831 seconds.
Begin MonoManager ReloadAssembly
Native extension for WindowsStandalone target not found
Refreshing native plugins compatible for Editor in 0.33 ms, found 1 plugins.
Preloading 0 native plugins for Editor in 0.00 ms.
Invoked RoslynAnalysisRunner static constructor.
RoslynAnalysisRunner will not be running.
RoslynAnalysisRunner has terminated.
Mono: successfully reloaded assembly
- Completed reload, in  0.824 seconds
Platform modules already initialized, skipping
Refreshing native plugins compatible for Editor in 0.31 ms, found 1 plugins.
Preloading 0 native plugins for Editor in 0.00 ms.
Unloading 1770 Unused Serialized files (Serialized files now loaded: 0)
System memory in use before: 88.6 MB.
System memory in use after: 88.7 MB.

Unloading 8 unused Assets to reduce memory usage. Loaded Objects now: 2322.
Total: 1.809700 ms (FindLiveObjects: 0.187600 ms CreateObjectMapping: 0.063600 ms MarkObjects: 1.544600 ms  DeleteObjects: 0.013200 ms)

========================================================================
Received Prepare
Registering precompiled user dll's ...
Registered in 0.000761 seconds.
Begin MonoManager ReloadAssembly
Native extension for WindowsStandalone target not found
Refreshing native plugins compatible for Editor in 0.34 ms, found 1 plugins.
Preloading 0 native plugins for Editor in 0.00 ms.
Invoked RoslynAnalysisRunner static constructor.
RoslynAnalysisRunner will not be running.
RoslynAnalysisRunner has terminated.
Mono: successfully reloaded assembly
- Completed reload, in  0.906 seconds
Platform modules already initialized, skipping
Refreshing native plugins compatible for Editor in 0.33 ms, found 1 plugins.
Preloading 0 native plugins for Editor in 0.00 ms.
Unloading 1770 Unused Serialized files (Serialized files now loaded: 0)
System memory in use before: 88.6 MB.
System memory in use after: 88.8 MB.

Unloading 8 unused Assets to reduce memory usage. Loaded Objects now: 2324.
Total: 1.842200 ms (FindLiveObjects: 0.211200 ms CreateObjectMapping: 0.064800 ms MarkObjects: 1.551000 ms  DeleteObjects: 0.014300 ms)

========================================================================
Received Prepare
Registering precompiled user dll's ...
Registered in 0.000771 seconds.
Begin MonoManager ReloadAssembly
Native extension for WindowsStandalone target not found
Refreshing native plugins compatible for Editor in 0.35 ms, found 1 plugins.
Preloading 0 native plugins for Editor in 0.00 ms.
Invoked RoslynAnalysisRunner static constructor.
RoslynAnalysisRunner will not be running.
RoslynAnalysisRunner has terminated.
Mono: successfully reloaded assembly
- Completed reload, in  0.900 seconds
Platform modules already initialized, skipping
Refreshing native plugins compatible for Editor in 0.35 ms, found 1 plugins.
Preloading 0 native plugins for Editor in 0.00 ms.
Unloading 1770 Unused Serialized files (Serialized files now loaded: 0)
System memory in use before: 88.7 MB.
System memory in use after: 88.9 MB.

Unloading 8 unused Assets to reduce memory usage. Loaded Objects now: 2326.
Total: 2.142100 ms (FindLiveObjects: 0.212600 ms CreateObjectMapping: 0.061600 ms MarkObjects: 1.851300 ms  DeleteObjects: 0.015600 ms)

========================================================================
Received Prepare
Registering precompiled user dll's ...
Registered in 0.000690 seconds.
Begin MonoManager ReloadAssembly
Native extension for WindowsStandalone target not found
Refreshing native plugins compatible for Editor in 0.53 ms, found 1 plugins.
Preloading 0 native plugins for Editor in 0.00 ms.
Invoked RoslynAnalysisRunner static constructor.
RoslynAnalysisRunner will not be running.
RoslynAnalysisRunner has terminated.
Mono: successfully reloaded assembly
- Completed reload, in  0.823 seconds
Platform modules already initialized, skipping
Refreshing native plugins compatible for Editor in 0.31 ms, found 1 plugins.
Preloading 0 native plugins for Editor in 0.00 ms.
Unloading 1770 Unused Serialized files (Serialized files now loaded: 0)
System memory in use before: 88.8 MB.
System memory in use after: 89.0 MB.

Unloading 8 unused Assets to reduce memory usage. Loaded Objects now: 2328.
Total: 2.045700 ms (FindLiveObjects: 0.214200 ms CreateObjectMapping: 0.089700 ms MarkObjects: 1.724900 ms  DeleteObjects: 0.014100 ms)

========================================================================
Received Prepare
Registering precompiled user dll's ...
Registered in 0.000804 seconds.
Begin MonoManager ReloadAssembly
Native extension for WindowsStandalone target not found
Refreshing native plugins compatible for Editor in 0.31 ms, found 1 plugins.
Preloading 0 native plugins for Editor in 0.00 ms.
Invoked RoslynAnalysisRunner static constructor.
RoslynAnalysisRunner will not be running.
RoslynAnalysisRunner has terminated.
Mono: successfully reloaded assembly
- Completed reload, in  0.951 seconds
Platform modules already initialized, skipping
Refreshing native plugins compatible for Editor in 0.39 ms, found 1 plugins.
Preloading 0 native plugins for Editor in 0.00 ms.
Unloading 1770 Unused Serialized files (Serialized files now loaded: 0)
System memory in use before: 88.9 MB.
System memory in use after: 89.0 MB.

Unloading 8 unused Assets to reduce memory usage. Loaded Objects now: 2330.
Total: 3.050200 ms (FindLiveObjects: 0.431500 ms CreateObjectMapping: 0.135100 ms MarkObjects: 2.459300 ms  DeleteObjects: 0.022500 ms)

========================================================================
Received Import Request.
  Time since last request: 725.795663 seconds.
  path: Assets/Script/GameManager
  artifactKey: Guid(6b70b25f7794c9f4ba3eb264ae666724) Importer(815301076,1909f56bfc062723c751e8b465ee728b)
Start importing Assets/Script/GameManager using Guid(6b70b25f7794c9f4ba3eb264ae666724) Importer(815301076,1909f56bfc062723c751e8b465ee728b)  -> (artifact id: 'c2fac6ac4bd2424d1365cae8fc2b6513') in 0.010006 seconds
  Import took 0.014873 seconds .

========================================================================
Received Import Request.
  Time since last request: 9.656029 seconds.
  path: Assets/Script/GameManager/SC_ObjectPooler.cs
  artifactKey: Guid(d0a912e9104b5ec44a548be0f798062c) Importer(815301076,1909f56bfc062723c751e8b465ee728b)
Start importing Assets/Script/GameManager/SC_ObjectPooler.cs using Guid(d0a912e9104b5ec44a548be0f798062c) Importer(815301076,1909f56bfc062723c751e8b465ee728b)  -> (artifact id: 'fd4691112c897d942f3d662e04bace06') in 0.007282 seconds
  Import took 0.010486 seconds .

========================================================================
Received Import Request.
  Time since last request: 0.001024 seconds.
  path: Assets/Script/GameManager/SC_ObjectPooler.cs
  artifactKey: Guid(d0a912e9104b5ec44a548be0f798062c) Importer(815301076,1909f56bfc062723c751e8b465ee728b)
Start importing Assets/Script/GameManager/SC_ObjectPooler.cs using Guid(d0a912e9104b5ec44a548be0f798062c) Importer(815301076,1909f56bfc062723c751e8b465ee728b)  -> (artifact id: 'fd4691112c897d942f3d662e04bace06') in 0.003033 seconds
  Import took 0.006857 seconds .

========================================================================
Received Prepare
Registering precompiled user dll's ...
Registered in 0.000748 seconds.
Begin MonoManager ReloadAssembly
Native extension for WindowsStandalone target not found
Refreshing native plugins compatible for Editor in 0.34 ms, found 1 plugins.
Preloading 0 native plugins for Editor in 0.00 ms.
Invoked RoslynAnalysisRunner static constructor.
RoslynAnalysisRunner will not be running.
RoslynAnalysisRunner has terminated.
Mono: successfully reloaded assembly
- Completed reload, in  0.969 seconds
Platform modules already initialized, skipping
Refreshing native plugins compatible for Editor in 0.57 ms, found 1 plugins.
Preloading 0 native plugins for Editor in 0.00 ms.
Unloading 1771 Unused Serialized files (Serialized files now loaded: 0)
System memory in use before: 89.0 MB.
System memory in use after: 89.2 MB.

Unloading 8 unused Assets to reduce memory usage. Loaded Objects now: 2333.
Total: 2.090000 ms (FindLiveObjects: 0.219400 ms CreateObjectMapping: 0.082100 ms MarkObjects: 1.761800 ms  DeleteObjects: 0.025000 ms)

========================================================================
Received Prepare
Registering precompiled user dll's ...
Registered in 0.037447 seconds.
Begin MonoManager ReloadAssembly
Native extension for WindowsStandalone target not found
Refreshing native plugins compatible for Editor in 0.39 ms, found 1 plugins.
Preloading 0 native plugins for Editor in 0.00 ms.
Invoked RoslynAnalysisRunner static constructor.
RoslynAnalysisRunner will not be running.
RoslynAnalysisRunner has terminated.
Mono: successfully reloaded assembly
- Completed reload, in  1.092 seconds
Platform modules already initialized, skipping
Refreshing native plugins compatible for Editor in 0.35 ms, found 1 plugins.
Preloading 0 native plugins for Editor in 0.00 ms.
Unloading 1771 Unused Serialized files (Serialized files now loaded: 0)
System memory in use before: 88.1 MB.
System memory in use after: 88.3 MB.

Unloading 8 unused Assets to reduce memory usage. Loaded Objects now: 2335.
Total: 2.720700 ms (FindLiveObjects: 0.349600 ms CreateObjectMapping: 0.127100 ms MarkObjects: 2.222000 ms  DeleteObjects: 0.020600 ms)

========================================================================
Received Import Request.
  Time since last request: 182.348594 seconds.
  path: Assets/Script/GameManager/SC_ObjectPooler.cs
  artifactKey: Guid(d0a912e9104b5ec44a548be0f798062c) Importer(815301076,1909f56bfc062723c751e8b465ee728b)
Start importing Assets/Script/GameManager/SC_ObjectPooler.cs using Guid(d0a912e9104b5ec44a548be0f798062c) Importer(815301076,1909f56bfc062723c751e8b465ee728b)  -> (artifact id: 'ba3a3e7851ffcbf51b1e7d0e7344ab73') in 0.009195 seconds
  Import took 0.015108 seconds .

